<?xml version="1.0" encoding="UTF-8"?>
<!-- Generated by org.testng.reporters.JUnitReportReporter -->
<testsuite hostname="Laptom" failures="0" tests="1" name="Shopping_Cart.ViewCartPageTest" time="6.918" errors="0" timestamp="2024-05-09T23:58:05 EDT" skipped="0">
  <testcase classname="Shopping_Cart.ViewCartPageTest" name="verifyProductIsAddedToTheCart" time="6.918"/>
</testsuite> <!-- Shopping_Cart.ViewCartPageTest -->
