<?xml version="1.0" encoding="UTF-8"?>
<!-- Generated by org.testng.reporters.JUnitReportReporter -->
<testsuite hostname="Laptom" failures="0" tests="1" name="HomePageNavigation.homePageNavigationTestcase" time="8.731" errors="0" timestamp="2024-05-08T10:17:47 EDT" skipped="0">
  <testcase classname="HomePageNavigation.homePageNavigationTestcase" name="testHomePageElements" time="8.731"/>
</testsuite> <!-- HomePageNavigation.homePageNavigationTestcase -->
