<?xml version="1.0" encoding="UTF-8"?>
<!-- Generated by org.testng.reporters.JUnitReportReporter -->
<testsuite hostname="Laptom" failures="0" tests="8" name="Registration.registrationTestCase" time="48.127" errors="0" timestamp="2024-05-08T00:43:24 EDT" skipped="0">
  <testcase classname="Registration.registrationTestCase" name="verifyRegisterWithAllDetails" time="5.997"/>
  <testcase classname="Registration.registrationTestCase" name="verifyRegisterWithAllDetails" time="6.786"/>
  <testcase classname="Registration.registrationTestCase" name="verifyRegisterWithAllDetails" time="5.880"/>
  <testcase classname="Registration.registrationTestCase" name="verifyRegisterWithAllDetails" time="6.019"/>
  <testcase classname="Registration.registrationTestCase" name="verifyRegisterWithAllDetails" time="5.760"/>
  <testcase classname="Registration.registrationTestCase" name="verifyRegisterWithAllDetails" time="5.942"/>
  <testcase classname="Registration.registrationTestCase" name="verifyRegisterWithAllDetails" time="6.015"/>
  <testcase classname="Registration.registrationTestCase" name="verifyRegisterWithAllDetails" time="5.728"/>
</testsuite> <!-- Registration.registrationTestCase -->
