<?xml version="1.0" encoding="UTF-8"?>
<!-- Generated by org.testng.reporters.JUnitReportReporter -->
<testsuite hostname="Laptom" failures="0" tests="1" name="HomePageNavigation.homePageTestcase" time="5.021" errors="0" timestamp="2024-05-08T01:46:12 EDT" skipped="0">
  <testcase classname="HomePageNavigation.homePageTestcase" name="testHomePageElements" time="5.021"/>
</testsuite> <!-- HomePageNavigation.homePageTestcase -->
