<?xml version="1.0" encoding="UTF-8"?>
<!-- Generated by org.testng.reporters.JUnitReportReporter -->
<testsuite hostname="Laptom" failures="0" tests="1" name="HomePageNavigation.homePageNavigationTestcase" time="6.810" errors="0" timestamp="2024-05-08T11:14:08 EDT" skipped="0">
  <testcase classname="HomePageNavigation.homePageNavigationTestcase" name="testHomePageElements" time="6.810"/>
</testsuite> <!-- HomePageNavigation.homePageNavigationTestcase -->
