<?xml version="1.0" encoding="UTF-8"?>
<!-- Generated by org.testng.reporters.JUnitReportReporter -->
<testsuite hostname="Laptom" failures="0" tests="1" name="Checkout.checkOutPageTest" time="14.690" errors="0" timestamp="2024-05-10T01:43:46 EDT" skipped="0">
  <testcase classname="Checkout.checkOutPageTest" name="verifyCorrectProductBeignPurchased" time="14.690"/>
</testsuite> <!-- Checkout.checkOutPageTest -->
