<?xml version="1.0" encoding="UTF-8"?>
<!-- Generated by org.testng.reporters.JUnitReportReporter -->
<testsuite hostname="Laptom" failures="0" tests="1" name="Search.SearchProductTest" time="6.185" errors="0" timestamp="2024-05-09T17:07:46 EDT" skipped="0">
  <testcase classname="Search.SearchProductTest" name="searchProduct" time="6.185"/>
</testsuite> <!-- Search.SearchProductTest -->
