<?xml version="1.0" encoding="UTF-8"?>
<!-- Generated by org.testng.reporters.JUnitReportReporter -->
<testsuite hostname="Laptom" failures="0" tests="1" name="EASY_JAVA_PROGRAM.verify_Successful_Login_With_Valid_Credential" time="6.944" errors="0" timestamp="2024-04-23T21:39:28 EDT" skipped="0">
  <testcase classname="EASY_JAVA_PROGRAM.verify_Successful_Login_With_Valid_Credential" name="verify_Login_With_Valid_Credential" time="6.944"/>
</testsuite> <!-- EASY_JAVA_PROGRAM.verify_Successful_Login_With_Valid_Credential -->
