<?xml version="1.0" encoding="UTF-8"?>
<!-- Generated by org.testng.reporters.JUnitReportReporter -->
<testsuite hostname="Laptom" failures="0" tests="1" name="LoginFunctionality.LoginTest" time="8.284" errors="0" timestamp="2024-05-09T11:44:06 EDT" skipped="0">
  <testcase classname="LoginFunctionality.LoginTest" name="verifyLoginWithValidCredentials" time="8.284"/>
</testsuite> <!-- LoginFunctionality.LoginTest -->
