<?xml version="1.0" encoding="UTF-8"?>
<!-- Generated by org.testng.reporters.JUnitReportReporter -->
<testsuite hostname="Laptom" failures="0" tests="1" name="EASY_JAVA_PROGRAM.nav_A_Website_verify_Title_Of_The_Page" time="4.825" errors="0" timestamp="2024-04-23T20:23:00 EDT" skipped="0">
  <testcase classname="EASY_JAVA_PROGRAM.nav_A_Website_verify_Title_Of_The_Page" name="verifyTitleOfThePage" time="4.825"/>
</testsuite> <!-- EASY_JAVA_PROGRAM.nav_A_Website_verify_Title_Of_The_Page -->
